2018-01-10 15:40:16,686 [main] INFO  PushUtil - 开始推送[消息][targetValue:2wsx,title:66666666666,content:{"lat":"22.22222","lng":"138.13838","timestamp":1515570016405},second:0]
2018-01-10 15:40:17,299 [main] INFO  PushUtil - 收到推送[消息]结果[targetValue:2wsx,title:66666666666,content:{"lat":"22.22222","lng":"138.13838","timestamp":1515570016405},second:0] -> RequestId: 2F188BB4-8FF6-4916-BDA3-375BF01DE6B0, MessageId:515172
2018-01-10 15:40:17,299 [main] INFO  PushUtil - 开始推送[通知][targetValue:2wsx,title:66666666666,content:{"lat":"22.22222","lng":"138.13838","timestamp":1515570016405},second:0]
2018-01-10 15:40:17,403 [main] INFO  PushUtil - 收到推送[通知]结果[targetValue:2wsx,title:66666666666,content:{"lat":"22.22222","lng":"138.13838","timestamp":1515570016405},second:0] -> RequestId: 073C731C-36B7-41FC-99C5-86024DCE2A21, MessageId:515173
2018-01-10 15:40:17,403 [main] INFO  PushUtil - 开始推送[消息][targetValue:2wsx,title:66666666666,content:{"lat":"22.22222","lng":"138.13838","timestamp":1515570016405},second:10]
2018-01-10 15:40:17,505 [main] INFO  PushUtil - 收到推送[消息]结果[targetValue:2wsx,title:66666666666,content:{"lat":"22.22222","lng":"138.13838","timestamp":1515570016405},second:10] -> RequestId: D393E5BB-C80D-4365-82D3-E65FDF535315, MessageId:515174
2018-01-10 15:40:17,505 [main] INFO  PushUtil - 开始推送[通知][targetValue:2wsx,title:66666666666,content:{"lat":"22.22222","lng":"138.13838","timestamp":1515570016405},second:10]
2018-01-10 15:40:17,587 [main] INFO  PushUtil - 收到推送[通知]结果[targetValue:2wsx,title:66666666666,content:{"lat":"22.22222","lng":"138.13838","timestamp":1515570016405},second:10] -> RequestId: 922808E7-FC93-4273-8029-C76862AEC18F, MessageId:515175
2018-01-10 15:42:29,076 [main] INFO  PushUtil - 开始推送[消息][targetValue:18B4E6386E2084A01B8D1E1BFF1D8D4A,title:66666666666,content:{"lat":"22.22222","lng":"138.13838","timestamp":1515570148836},second:0]
2018-01-10 15:42:29,426 [main] INFO  PushUtil - 收到推送[消息]结果[targetValue:18B4E6386E2084A01B8D1E1BFF1D8D4A,title:66666666666,content:{"lat":"22.22222","lng":"138.13838","timestamp":1515570148836},second:0] -> RequestId: 139D0A7C-FECB-4D92-8043-B93E1C0A4E02, MessageId:515176
2018-01-10 15:42:29,426 [main] INFO  PushUtil - 开始推送[通知][targetValue:18B4E6386E2084A01B8D1E1BFF1D8D4A,title:66666666666,content:{"lat":"22.22222","lng":"138.13838","timestamp":1515570148836},second:0]
2018-01-10 15:42:29,530 [main] INFO  PushUtil - 收到推送[通知]结果[targetValue:18B4E6386E2084A01B8D1E1BFF1D8D4A,title:66666666666,content:{"lat":"22.22222","lng":"138.13838","timestamp":1515570148836},second:0] -> RequestId: 3C0BD914-343B-4E67-AA82-2AF07135086C, MessageId:515177
2018-01-10 15:42:29,530 [main] INFO  PushUtil - 开始推送[消息][targetValue:18B4E6386E2084A01B8D1E1BFF1D8D4A,title:66666666666,content:{"lat":"22.22222","lng":"138.13838","timestamp":1515570148836},second:10]
2018-01-10 15:42:29,624 [main] INFO  PushUtil - 收到推送[消息]结果[targetValue:18B4E6386E2084A01B8D1E1BFF1D8D4A,title:66666666666,content:{"lat":"22.22222","lng":"138.13838","timestamp":1515570148836},second:10] -> RequestId: 938812AC-E5C6-469E-8474-065185A0A52E, MessageId:515178
2018-01-10 15:42:29,624 [main] INFO  PushUtil - 开始推送[通知][targetValue:18B4E6386E2084A01B8D1E1BFF1D8D4A,title:66666666666,content:{"lat":"22.22222","lng":"138.13838","timestamp":1515570148836},second:10]
2018-01-10 15:42:29,721 [main] INFO  PushUtil - 收到推送[通知]结果[targetValue:18B4E6386E2084A01B8D1E1BFF1D8D4A,title:66666666666,content:{"lat":"22.22222","lng":"138.13838","timestamp":1515570148836},second:10] -> RequestId: 350CC144-059D-4CEF-BAF9-56C38C3DB583, MessageId:515179
2018-01-10 15:49:50,543 [main] INFO  PushUtil - 开始推送[消息][targetValue:18B4E6386E2084A01B8D1E1BFF1D8D4A,title:66666666666,content:{"lat":"22.22222","lng":"138.13838","timestamp":1515570590274},second:0]
2018-01-10 15:49:50,934 [main] INFO  PushUtil - 收到推送[消息]结果[targetValue:18B4E6386E2084A01B8D1E1BFF1D8D4A,title:66666666666,content:{"lat":"22.22222","lng":"138.13838","timestamp":1515570590274},second:0] -> RequestId: 5B3E2C0C-4AC4-4DDF-A225-F1B47C95648E, MessageId:500004
2018-01-10 15:49:50,935 [main] INFO  PushUtil - 开始推送[通知][targetValue:18B4E6386E2084A01B8D1E1BFF1D8D4A,title:66666666666,content:{"lat":"22.22222","lng":"138.13838","timestamp":1515570590274},second:0]
2018-01-10 15:49:51,031 [main] INFO  PushUtil - 收到推送[通知]结果[targetValue:18B4E6386E2084A01B8D1E1BFF1D8D4A,title:66666666666,content:{"lat":"22.22222","lng":"138.13838","timestamp":1515570590274},second:0] -> RequestId: B558198C-4D00-4CE2-AA83-BA4508D6F636, MessageId:500005
2018-01-10 15:49:51,031 [main] INFO  PushUtil - 开始推送[消息][targetValue:18B4E6386E2084A01B8D1E1BFF1D8D4A,title:66666666666,content:{"lat":"22.22222","lng":"138.13838","timestamp":1515570590274},second:10]
2018-01-10 15:49:51,133 [main] INFO  PushUtil - 收到推送[消息]结果[targetValue:18B4E6386E2084A01B8D1E1BFF1D8D4A,title:66666666666,content:{"lat":"22.22222","lng":"138.13838","timestamp":1515570590274},second:10] -> RequestId: C937FBEC-DC1F-42E3-8EA2-EB194762D7B5, MessageId:500006
2018-01-10 15:49:51,133 [main] INFO  PushUtil - 开始推送[通知][targetValue:18B4E6386E2084A01B8D1E1BFF1D8D4A,title:66666666666,content:{"lat":"22.22222","lng":"138.13838","timestamp":1515570590274},second:10]
2018-01-10 15:49:51,237 [main] INFO  PushUtil - 收到推送[通知]结果[targetValue:18B4E6386E2084A01B8D1E1BFF1D8D4A,title:66666666666,content:{"lat":"22.22222","lng":"138.13838","timestamp":1515570590274},second:10] -> RequestId: B962AB93-3076-4C87-9800-3D21E69475B9, MessageId:500007
2018-01-10 16:00:04,941 [main] INFO  PushUtil - 开始推送[消息][targetValue:18B4E6386E2084A01B8D1E1BFF1D8D4A,title:66666666666,content:{"lat":"22.22222","lng":"138.13838","timestamp":1515571204688},second:0]
2018-01-10 16:00:05,321 [main] INFO  PushUtil - 收到推送[消息]结果[targetValue:18B4E6386E2084A01B8D1E1BFF1D8D4A,title:66666666666,content:{"lat":"22.22222","lng":"138.13838","timestamp":1515571204688},second:0] -> RequestId: 03058F08-28B4-48CE-9198-38A0CE4A10D3, MessageId:500008
2018-01-10 16:00:05,321 [main] INFO  PushUtil - 开始推送[通知][targetValue:18B4E6386E2084A01B8D1E1BFF1D8D4A,title:66666666666,content:{"lat":"22.22222","lng":"138.13838","timestamp":1515571204688},second:0]
2018-01-10 16:00:05,419 [main] INFO  PushUtil - 收到推送[通知]结果[targetValue:18B4E6386E2084A01B8D1E1BFF1D8D4A,title:66666666666,content:{"lat":"22.22222","lng":"138.13838","timestamp":1515571204688},second:0] -> RequestId: B54DA447-52B8-4A5E-A9BE-E7C599B6C94E, MessageId:500009
2018-01-10 16:00:05,420 [main] INFO  PushUtil - 开始推送[消息][targetValue:18B4E6386E2084A01B8D1E1BFF1D8D4A,title:66666666666,content:{"lat":"22.22222","lng":"138.13838","timestamp":1515571204688},second:10]
2018-01-10 16:00:05,501 [main] INFO  PushUtil - 收到推送[消息]结果[targetValue:18B4E6386E2084A01B8D1E1BFF1D8D4A,title:66666666666,content:{"lat":"22.22222","lng":"138.13838","timestamp":1515571204688},second:10] -> RequestId: 61EFA3B8-C431-467A-8313-6A3AC3562E07, MessageId:500010
2018-01-10 16:00:05,501 [main] INFO  PushUtil - 开始推送[通知][targetValue:18B4E6386E2084A01B8D1E1BFF1D8D4A,title:66666666666,content:{"lat":"22.22222","lng":"138.13838","timestamp":1515571204688},second:10]
2018-01-10 16:00:05,599 [main] INFO  PushUtil - 收到推送[通知]结果[targetValue:18B4E6386E2084A01B8D1E1BFF1D8D4A,title:66666666666,content:{"lat":"22.22222","lng":"138.13838","timestamp":1515571204688},second:10] -> RequestId: A383A20F-578B-48FA-993E-529A61FECEDB, MessageId:500011
