2018-11-06 16:05:54,360 [main] INFO  SocketServer - ===start socket:7780
2018-11-06 16:11:16,572 [http-8080-2] INFO  PosController - lbs=460,0,10173,4931,46,10173,4263,35,10173,4572,35,10173,4934,33,9363,5463,31,10173,4932,31
2018-11-06 16:11:16,573 [http-8080-2] INFO  PosController - wifi=
2018-11-06 16:11:16,573 [http-8080-2] INFO  PosController - deviceId=45456456456465
2018-11-06 16:11:16,868 [http-8080-2] INFO  DruidDataSource - {dataSource-1} inited
2018-11-06 16:11:40,125 [http-8080-1] INFO  PosController - lbs=460,0,10173,4931,46,10173,4263,35,10173,4572,35,10173,4934,33,9363,5463,31,10173,4932,31
2018-11-06 16:11:40,125 [http-8080-1] INFO  PosController - wifi=
2018-11-06 16:11:40,125 [http-8080-1] INFO  PosController - deviceId=45456456456465
2018-11-06 16:11:40,705 [http-8080-1] INFO  PosController - lbs=460,0,10173,4931,46,10173,4263,35,10173,4572,35,10173,4934,33,9363,5463,31,10173,4932,31
2018-11-06 16:11:40,706 [http-8080-1] INFO  PosController - wifi=
2018-11-06 16:11:40,706 [http-8080-1] INFO  PosController - deviceId=45456456456465
2018-11-06 16:11:41,685 [http-8080-1] INFO  PosController - lbs=460,0,10173,4931,46,10173,4263,35,10173,4572,35,10173,4934,33,9363,5463,31,10173,4932,31
2018-11-06 16:11:41,685 [http-8080-1] INFO  PosController - wifi=
2018-11-06 16:11:41,685 [http-8080-1] INFO  PosController - deviceId=45456456456465
2018-11-06 16:11:41,935 [http-8080-1] INFO  PosController - lbs=460,0,10173,4931,46,10173,4263,35,10173,4572,35,10173,4934,33,9363,5463,31,10173,4932,31
2018-11-06 16:11:41,935 [http-8080-1] INFO  PosController - wifi=
2018-11-06 16:11:41,935 [http-8080-1] INFO  PosController - deviceId=45456456456465
2018-11-06 16:11:42,462 [http-8080-1] INFO  PosController - lbs=460,0,10173,4931,46,10173,4263,35,10173,4572,35,10173,4934,33,9363,5463,31,10173,4932,31
2018-11-06 16:11:42,463 [http-8080-1] INFO  PosController - wifi=
2018-11-06 16:11:42,463 [http-8080-1] INFO  PosController - deviceId=45456456456465
2018-11-06 16:11:44,201 [http-8080-1] INFO  PosController - lbs=460,0,10173,4931,46,10173,4263,35,10173,4572,35,10173,4934,33,9363,5463,31,10173,4932,31
2018-11-06 16:11:44,201 [http-8080-1] INFO  PosController - wifi=
2018-11-06 16:11:44,201 [http-8080-1] INFO  PosController - deviceId=45456456456465
2018-11-06 16:45:39,877 [main] INFO  SocketServer - ===start socket:7780
2018-11-06 16:47:51,264 [http-8080-1] INFO  PosController - lbs=460,0,10173,4931,46,10173,4263,35,10173,4572,35,10173,4934,33,9363,5463,31,10173,4932,31
2018-11-06 16:47:51,264 [http-8080-1] INFO  PosController - wifi=
2018-11-06 16:47:51,264 [http-8080-1] INFO  PosController - deviceId=45456456456465
2018-11-06 16:47:51,546 [http-8080-1] INFO  DruidDataSource - {dataSource-1} inited
2018-11-06 16:47:54,970 [http-8080-1] INFO  PosController - lbs=460,0,10173,4931,46,10173,4263,35,10173,4572,35,10173,4934,33,9363,5463,31,10173,4932,31
2018-11-06 16:47:54,971 [http-8080-1] INFO  PosController - wifi=
2018-11-06 16:47:54,971 [http-8080-1] INFO  PosController - deviceId=45456456456465
2018-11-06 16:48:53,252 [http-8080-1] INFO  PosController - lbs=460,0,10173,4931,46,10173,4263,35,10173,4572,35,10173,4934,33,9363,5463,31,10173,4932,31
2018-11-06 16:48:53,252 [http-8080-1] INFO  PosController - wifi=
2018-11-06 16:48:53,252 [http-8080-1] INFO  PosController - deviceId=45456456456465
2018-11-06 16:49:29,652 [http-8080-1] INFO  PosController - lbs=460,0,10173,4931,46,10173,4263,35,10173,4572,35,10173,4934,33,9363,5463,31,10173,4932,31
2018-11-06 16:49:29,652 [http-8080-1] INFO  PosController - wifi=
2018-11-06 16:49:29,652 [http-8080-1] INFO  PosController - deviceId=45456456456465
2018-11-06 16:50:00,068 [http-8080-1] INFO  PosController - lbs=460,0,10173,4931,46,10173,4263,35,10173,4572,35,10173,4934,33,9363,5463,31,10173,4932,31
2018-11-06 16:50:00,068 [http-8080-1] INFO  PosController - wifi=
2018-11-06 16:50:00,068 [http-8080-1] INFO  PosController - deviceId=45456456456465
2018-11-06 17:10:43,641 [main] INFO  SocketServer - ===start socket:7780
2018-11-06 17:10:46,321 [http-8080-1] INFO  PosController - lbs=460,0,10173,4931,46,10173,4263,35,10173,4572,35,10173,4934,33,9363,5463,31,10173,4932,31
2018-11-06 17:10:46,321 [http-8080-1] INFO  PosController - wifi=
2018-11-06 17:10:46,321 [http-8080-1] INFO  PosController - deviceId=45456456456465
2018-11-06 17:10:46,633 [http-8080-1] INFO  DruidDataSource - {dataSource-1} inited
2018-11-06 17:15:48,312 [main] INFO  SocketServer - ===start socket:7780
2018-11-06 17:15:54,476 [http-8080-1] INFO  PosController - lbs=460,0,10173,4931,46,10173,4263,35,10173,4572,35,10173,4934,33,9363,5463,31,10173,4932,31
2018-11-06 17:15:54,476 [http-8080-1] INFO  PosController - wifi=
2018-11-06 17:15:54,476 [http-8080-1] INFO  PosController - deviceId=45456456456465
2018-11-06 17:15:54,976 [http-8080-1] INFO  DruidDataSource - {dataSource-1} inited
2018-11-06 17:15:57,437 [http-8080-1] INFO  PosController - lbs=460,0,10173,4931,46,10173,4263,35,10173,4572,35,10173,4934,33,9363,5463,31,10173,4932,31
2018-11-06 17:15:57,438 [http-8080-1] INFO  PosController - wifi=
2018-11-06 17:15:57,438 [http-8080-1] INFO  PosController - deviceId=45456456456465
